<?xml version="1.0" encoding="UTF-8"?>
<coverage generated="1524720487380" clover="3.2.0">
  <project timestamp="1524720487380" name="All files">
    <metrics statements="72" coveredstatements="28" conditionals="32" coveredconditionals="10" methods="36" coveredmethods="13" elements="140" coveredelements="51" complexity="0" loc="72" ncloc="72" packages="2" files="6" classes="6">
      <package name="client.src.components">
        <metrics statements="71" coveredstatements="27" conditionals="32" coveredconditionals="10" methods="36" coveredmethods="13"/>
        <file name="CommentBox.jsx" path="/Users/dylanqian/Desktop/hackReactor/frontEndCapstone/hrsf93-welp-proxy/welp/welp-photo-gallery/client/src/components/CommentBox.jsx">
          <metrics statements="1" coveredstatements="1" conditionals="0" coveredconditionals="0" methods="1" coveredmethods="1"/>
          <line num="7" count="2" type="stmt"/>
        </file>
        <file name="DescriptionBar.jsx" path="/Users/dylanqian/Desktop/hackReactor/frontEndCapstone/hrsf93-welp-proxy/welp/welp-photo-gallery/client/src/components/DescriptionBar.jsx">
          <metrics statements="1" coveredstatements="1" conditionals="0" coveredconditionals="0" methods="1" coveredmethods="1"/>
          <line num="6" count="1" type="stmt"/>
        </file>
        <file name="Modal.jsx" path="/Users/dylanqian/Desktop/hackReactor/frontEndCapstone/hrsf93-welp-proxy/welp/welp-photo-gallery/client/src/components/Modal.jsx">
          <metrics statements="8" coveredstatements="1" conditionals="0" coveredconditionals="0" methods="8" coveredmethods="1"/>
          <line num="6" count="1" type="stmt"/>
          <line num="7" count="0" type="stmt"/>
          <line num="8" count="0" type="stmt"/>
          <line num="9" count="0" type="stmt"/>
          <line num="10" count="0" type="stmt"/>
          <line num="12" count="0" type="stmt"/>
          <line num="17" count="0" type="stmt"/>
          <line num="20" count="0" type="stmt"/>
        </file>
        <file name="Photo.jsx" path="/Users/dylanqian/Desktop/hackReactor/frontEndCapstone/hrsf93-welp-proxy/welp/welp-photo-gallery/client/src/components/Photo.jsx">
          <metrics statements="9" coveredstatements="7" conditionals="2" coveredconditionals="2" methods="10" coveredmethods="4"/>
          <line num="8" count="3" type="stmt"/>
          <line num="9" count="3" type="stmt"/>
          <line num="15" count="1" type="stmt"/>
          <line num="21" count="1" type="stmt"/>
          <line num="27" count="5" type="cond" truecount="2" falsecount="0"/>
          <line num="28" count="1" type="stmt"/>
          <line num="29" count="0" type="stmt"/>
          <line num="35" count="4" type="stmt"/>
          <line num="36" count="0" type="stmt"/>
        </file>
        <file name="PhotoGallery.jsx" path="/Users/dylanqian/Desktop/hackReactor/frontEndCapstone/hrsf93-welp-proxy/welp/welp-photo-gallery/client/src/components/PhotoGallery.jsx">
          <metrics statements="52" coveredstatements="17" conditionals="30" coveredconditionals="8" methods="16" coveredmethods="6"/>
          <line num="6" count="1" type="stmt"/>
          <line num="10" count="3" type="stmt"/>
          <line num="11" count="3" type="stmt"/>
          <line num="20" count="3" type="stmt"/>
          <line num="21" count="3" type="stmt"/>
          <line num="22" count="3" type="stmt"/>
          <line num="23" count="3" type="stmt"/>
          <line num="24" count="3" type="stmt"/>
          <line num="25" count="3" type="stmt"/>
          <line num="26" count="3" type="stmt"/>
          <line num="30" count="3" type="stmt"/>
          <line num="31" count="3" type="stmt"/>
          <line num="35" count="3" type="stmt"/>
          <line num="41" count="0" type="stmt"/>
          <line num="42" count="0" type="stmt"/>
          <line num="43" count="0" type="stmt"/>
          <line num="45" count="0" type="stmt"/>
          <line num="46" count="0" type="stmt"/>
          <line num="53" count="0" type="stmt"/>
          <line num="59" count="1" type="stmt"/>
          <line num="60" count="1" type="stmt"/>
          <line num="68" count="1" type="stmt"/>
          <line num="77" count="0" type="cond" truecount="0" falsecount="2"/>
          <line num="78" count="0" type="stmt"/>
          <line num="80" count="0" type="stmt"/>
          <line num="82" count="0" type="stmt"/>
          <line num="83" count="0" type="cond" truecount="0" falsecount="2"/>
          <line num="84" count="0" type="stmt"/>
          <line num="86" count="0" type="stmt"/>
          <line num="94" count="0" type="cond" truecount="0" falsecount="2"/>
          <line num="95" count="0" type="stmt"/>
          <line num="97" count="0" type="stmt"/>
          <line num="99" count="0" type="stmt"/>
          <line num="100" count="0" type="cond" truecount="0" falsecount="2"/>
          <line num="101" count="0" type="stmt"/>
          <line num="103" count="0" type="stmt"/>
          <line num="110" count="0" type="cond" truecount="0" falsecount="2"/>
          <line num="111" count="0" type="stmt"/>
          <line num="112" count="0" type="stmt"/>
          <line num="120" count="0" type="cond" truecount="0" falsecount="2"/>
          <line num="121" count="0" type="stmt"/>
          <line num="122" count="0" type="stmt"/>
          <line num="130" count="0" type="cond" truecount="0" falsecount="2"/>
          <line num="131" count="0" type="stmt"/>
          <line num="132" count="0" type="cond" truecount="0" falsecount="2"/>
          <line num="133" count="0" type="stmt"/>
          <line num="134" count="0" type="cond" truecount="0" falsecount="2"/>
          <line num="135" count="0" type="stmt"/>
          <line num="140" count="5" type="stmt"/>
          <line num="144" count="0" type="stmt"/>
          <line num="146" count="0" type="stmt"/>
          <line num="148" count="0" type="stmt"/>
        </file>
      </package>
      <package name="test">
        <metrics statements="1" coveredstatements="1" conditionals="0" coveredconditionals="0" methods="0" coveredmethods="0"/>
        <file name="testSetUp.js" path="/Users/dylanqian/Desktop/hackReactor/frontEndCapstone/hrsf93-welp-proxy/welp/welp-photo-gallery/test/testSetUp.js">
          <metrics statements="1" coveredstatements="1" conditionals="0" coveredconditionals="0" methods="0" coveredmethods="0"/>
          <line num="5" count="2" type="stmt"/>
        </file>
      </package>
    </metrics>
  </project>
</coverage>
