<?xml version="1.0" encoding="UTF-8"?>
<coverage generated="1524705631640" clover="3.2.0">
  <project timestamp="1524705631641" name="All files">
    <metrics statements="16" coveredstatements="7" conditionals="6" coveredconditionals="0" methods="4" coveredmethods="1" elements="26" coveredelements="8" complexity="0" loc="16" ncloc="16" packages="1" files="1" classes="1">
      <file name="index.js" path="/Users/dylanqian/Desktop/hackReactor/frontEndCapstone/hrsf93-welp-proxy/welp/welp-photo-gallery/database/index.js">
        <metrics statements="16" coveredstatements="7" conditionals="6" coveredconditionals="0" methods="4" coveredmethods="1"/>
        <line num="19" count="1" type="stmt"/>
        <line num="20" count="1" type="stmt"/>
        <line num="25" count="1" type="stmt"/>
        <line num="27" count="1" type="stmt"/>
        <line num="38" count="1" type="stmt"/>
        <line num="40" count="1" type="stmt"/>
        <line num="41" count="3" type="stmt"/>
        <line num="42" count="0" type="cond" truecount="0" falsecount="2"/>
        <line num="43" count="0" type="stmt"/>
        <line num="44" count="0" type="cond" truecount="0" falsecount="2"/>
        <line num="45" count="0" type="stmt"/>
        <line num="47" count="0" type="stmt"/>
        <line num="48" count="0" type="cond" truecount="0" falsecount="2"/>
        <line num="50" count="0" type="stmt"/>
        <line num="52" count="0" type="stmt"/>
        <line num="53" count="0" type="stmt"/>
      </file>
    </metrics>
  </project>
</coverage>
