{"/Users/dylanqian/Desktop/hackReactor/frontEndCapstone/hrsf93-welp-proxy/welp/welp-photo-gallery/database/index.js": {"path":"/Users/dylanqian/Desktop/hackReactor/frontEndCapstone/hrsf93-welp-proxy/welp/welp-photo-gallery/database/index.js","statementMap":{"0":{"start":{"line":19,"column":17},"end":{"line":19,"column":36}},"1":{"start":{"line":20,"column":0},"end":{"line":20,"column":45}},"2":{"start":{"line":25,"column":13},"end":{"line":25,"column":28}},"3":{"start":{"line":27,"column":18},"end":{"line":36,"column":2}},"4":{"start":{"line":38,"column":12},"end":{"line":38,"column":48}},"5":{"start":{"line":40,"column":0},"end":{"line":59,"column":2}},"6":{"start":{"line":41,"column":2},"end":{"line":58,"column":5}},"7":{"start":{"line":42,"column":4},"end":{"line":57,"column":5}},"8":{"start":{"line":43,"column":6},"end":{"line":43,"column":21}},"9":{"start":{"line":44,"column":11},"end":{"line":57,"column":5}},"10":{"start":{"line":45,"column":6},"end":{"line":45,"column":34}},"11":{"start":{"line":47,"column":6},"end":{"line":56,"column":9}},"12":{"start":{"line":48,"column":8},"end":{"line":55,"column":9}},"13":{"start":{"line":50,"column":10},"end":{"line":50,"column":26}},"14":{"start":{"line":52,"column":10},"end":{"line":54,"column":13}},"15":{"start":{"line":53,"column":12},"end":{"line":53,"column":30}}},"fnMap":{"0":{"name":"(anonymous_0)","decl":{"start":{"line":40,"column":25},"end":{"line":40,"column":26}},"loc":{"start":{"line":40,"column":58},"end":{"line":59,"column":1}},"line":40},"1":{"name":"(anonymous_1)","decl":{"start":{"line":41,"column":24},"end":{"line":41,"column":25}},"loc":{"start":{"line":41,"column":42},"end":{"line":58,"column":3}},"line":41},"2":{"name":"(anonymous_2)","decl":{"start":{"line":47,"column":37},"end":{"line":47,"column":38}},"loc":{"start":{"line":47,"column":55},"end":{"line":56,"column":7}},"line":47},"3":{"name":"(anonymous_3)","decl":{"start":{"line":52,"column":57},"end":{"line":52,"column":58}},"loc":{"start":{"line":52,"column":63},"end":{"line":54,"column":11}},"line":52}},"branchMap":{"0":{"loc":{"start":{"line":42,"column":4},"end":{"line":57,"column":5}},"type":"if","locations":[{"start":{"line":42,"column":4},"end":{"line":57,"column":5}},{"start":{"line":42,"column":4},"end":{"line":57,"column":5}}],"line":42},"1":{"loc":{"start":{"line":44,"column":11},"end":{"line":57,"column":5}},"type":"if","locations":[{"start":{"line":44,"column":11},"end":{"line":57,"column":5}},{"start":{"line":44,"column":11},"end":{"line":57,"column":5}}],"line":44},"2":{"loc":{"start":{"line":48,"column":8},"end":{"line":55,"column":9}},"type":"if","locations":[{"start":{"line":48,"column":8},"end":{"line":55,"column":9}},{"start":{"line":48,"column":8},"end":{"line":55,"column":9}}],"line":48}},"s":{"0":1,"1":1,"2":1,"3":1,"4":1,"5":1,"6":3,"7":0,"8":0,"9":0,"10":0,"11":0,"12":0,"13":0,"14":0,"15":0},"f":{"0":3,"1":0,"2":0,"3":0},"b":{"0":[0,0],"1":[0,0],"2":[0,0]},"_coverageSchema":"332fd63041d2c1bcb487cc26dd0d5f7d97098a6c","hash":"d63bf4c35ab7a1148bea26c85459a79248559f74"}
}
