{"/Users/dylanqian/Desktop/hackReactor/frontEndCapstone/hrsf93-welp-proxy/welp/welp-photo-gallery/client/src/components/CommentBox.jsx": {"path":"/Users/dylanqian/Desktop/hackReactor/frontEndCapstone/hrsf93-welp-proxy/welp/welp-photo-gallery/client/src/components/CommentBox.jsx","statementMap":{"0":{"start":{"line":7,"column":4},"end":{"line":32,"column":5}}},"fnMap":{"0":{"name":"(anonymous_0)","decl":{"start":{"line":6,"column":2},"end":{"line":6,"column":3}},"loc":{"start":{"line":6,"column":11},"end":{"line":33,"column":3}},"line":6}},"branchMap":{},"s":{"0":2},"f":{"0":2},"b":{},"_coverageSchema":"332fd63041d2c1bcb487cc26dd0d5f7d97098a6c","hash":"5073941bd0c72d7d076f5c58fa73e70a4eef2322"}
,"/Users/dylanqian/Desktop/hackReactor/frontEndCapstone/hrsf93-welp-proxy/welp/welp-photo-gallery/client/src/components/DescriptionBar.jsx": {"path":"/Users/dylanqian/Desktop/hackReactor/frontEndCapstone/hrsf93-welp-proxy/welp/welp-photo-gallery/client/src/components/DescriptionBar.jsx","statementMap":{"0":{"start":{"line":6,"column":4},"end":{"line":16,"column":5}}},"fnMap":{"0":{"name":"(anonymous_0)","decl":{"start":{"line":5,"column":2},"end":{"line":5,"column":3}},"loc":{"start":{"line":5,"column":11},"end":{"line":17,"column":3}},"line":5}},"branchMap":{},"s":{"0":1},"f":{"0":1},"b":{},"_coverageSchema":"332fd63041d2c1bcb487cc26dd0d5f7d97098a6c","hash":"cc5d40dd6ba4e639c0679cff05e08e509ee90902"}
,"/Users/dylanqian/Desktop/hackReactor/frontEndCapstone/hrsf93-welp-proxy/welp/welp-photo-gallery/client/src/components/Modal.jsx": {"path":"/Users/dylanqian/Desktop/hackReactor/frontEndCapstone/hrsf93-welp-proxy/welp/welp-photo-gallery/client/src/components/Modal.jsx","statementMap":{"0":{"start":{"line":6,"column":4},"end":{"line":24,"column":5}},"1":{"start":{"line":7,"column":44},"end":{"line":7,"column":68}},"2":{"start":{"line":8,"column":54},"end":{"line":8,"column":78}},"3":{"start":{"line":9,"column":57},"end":{"line":9,"column":80}},"4":{"start":{"line":10,"column":52},"end":{"line":10,"column":102}},"5":{"start":{"line":12,"column":63},"end":{"line":12,"column":86}},"6":{"start":{"line":17,"column":51},"end":{"line":17,"column":97}},"7":{"start":{"line":20,"column":59},"end":{"line":20,"column":82}}},"fnMap":{"0":{"name":"(anonymous_0)","decl":{"start":{"line":5,"column":2},"end":{"line":5,"column":3}},"loc":{"start":{"line":5,"column":11},"end":{"line":25,"column":3}},"line":5},"1":{"name":"(anonymous_1)","decl":{"start":{"line":7,"column":38},"end":{"line":7,"column":39}},"loc":{"start":{"line":7,"column":44},"end":{"line":7,"column":68}},"line":7},"2":{"name":"(anonymous_2)","decl":{"start":{"line":8,"column":48},"end":{"line":8,"column":49}},"loc":{"start":{"line":8,"column":54},"end":{"line":8,"column":78}},"line":8},"3":{"name":"(anonymous_3)","decl":{"start":{"line":9,"column":47},"end":{"line":9,"column":48}},"loc":{"start":{"line":9,"column":57},"end":{"line":9,"column":80}},"line":9},"4":{"name":"(anonymous_4)","decl":{"start":{"line":10,"column":47},"end":{"line":10,"column":48}},"loc":{"start":{"line":10,"column":52},"end":{"line":10,"column":102}},"line":10},"5":{"name":"(anonymous_5)","decl":{"start":{"line":12,"column":53},"end":{"line":12,"column":54}},"loc":{"start":{"line":12,"column":63},"end":{"line":12,"column":86}},"line":12},"6":{"name":"(anonymous_6)","decl":{"start":{"line":17,"column":45},"end":{"line":17,"column":46}},"loc":{"start":{"line":17,"column":51},"end":{"line":17,"column":97}},"line":17},"7":{"name":"(anonymous_7)","decl":{"start":{"line":20,"column":48},"end":{"line":20,"column":49}},"loc":{"start":{"line":20,"column":59},"end":{"line":20,"column":82}},"line":20}},"branchMap":{},"s":{"0":1,"1":0,"2":0,"3":0,"4":0,"5":0,"6":0,"7":0},"f":{"0":1,"1":0,"2":0,"3":0,"4":0,"5":0,"6":0,"7":0},"b":{},"_coverageSchema":"332fd63041d2c1bcb487cc26dd0d5f7d97098a6c","hash":"ca901ac8072d9fef77e564e2950ea9deee396de5"}
,"/Users/dylanqian/Desktop/hackReactor/frontEndCapstone/hrsf93-welp-proxy/welp/welp-photo-gallery/client/src/components/Photo.jsx": {"path":"/Users/dylanqian/Desktop/hackReactor/frontEndCapstone/hrsf93-welp-proxy/welp/welp-photo-gallery/client/src/components/Photo.jsx","statementMap":{"0":{"start":{"line":8,"column":4},"end":{"line":8,"column":17}},"1":{"start":{"line":9,"column":4},"end":{"line":11,"column":6}},"2":{"start":{"line":15,"column":4},"end":{"line":17,"column":7}},"3":{"start":{"line":21,"column":4},"end":{"line":23,"column":7}},"4":{"start":{"line":27,"column":4},"end":{"line":40,"column":6}},"5":{"start":{"line":28,"column":6},"end":{"line":33,"column":7}},"6":{"start":{"line":29,"column":56},"end":{"line":29,"column":73}},"7":{"start":{"line":29,"column":95},"end":{"line":29,"column":115}},"8":{"start":{"line":29,"column":134},"end":{"line":29,"column":173}},"9":{"start":{"line":35,"column":6},"end":{"line":39,"column":8}},"10":{"start":{"line":36,"column":54},"end":{"line":36,"column":71}},"11":{"start":{"line":36,"column":93},"end":{"line":36,"column":113}},"12":{"start":{"line":36,"column":130},"end":{"line":36,"column":169}}},"fnMap":{"0":{"name":"(anonymous_0)","decl":{"start":{"line":7,"column":2},"end":{"line":7,"column":3}},"loc":{"start":{"line":7,"column":21},"end":{"line":12,"column":3}},"line":7},"1":{"name":"(anonymous_1)","decl":{"start":{"line":14,"column":2},"end":{"line":14,"column":3}},"loc":{"start":{"line":14,"column":15},"end":{"line":18,"column":3}},"line":14},"2":{"name":"(anonymous_2)","decl":{"start":{"line":20,"column":2},"end":{"line":20,"column":3}},"loc":{"start":{"line":20,"column":18},"end":{"line":24,"column":3}},"line":20},"3":{"name":"(anonymous_3)","decl":{"start":{"line":26,"column":2},"end":{"line":26,"column":3}},"loc":{"start":{"line":26,"column":11},"end":{"line":41,"column":3}},"line":26},"4":{"name":"(anonymous_4)","decl":{"start":{"line":29,"column":50},"end":{"line":29,"column":51}},"loc":{"start":{"line":29,"column":56},"end":{"line":29,"column":73}},"line":29},"5":{"name":"(anonymous_5)","decl":{"start":{"line":29,"column":89},"end":{"line":29,"column":90}},"loc":{"start":{"line":29,"column":95},"end":{"line":29,"column":115}},"line":29},"6":{"name":"(anonymous_6)","decl":{"start":{"line":29,"column":128},"end":{"line":29,"column":129}},"loc":{"start":{"line":29,"column":134},"end":{"line":29,"column":173}},"line":29},"7":{"name":"(anonymous_7)","decl":{"start":{"line":36,"column":48},"end":{"line":36,"column":49}},"loc":{"start":{"line":36,"column":54},"end":{"line":36,"column":71}},"line":36},"8":{"name":"(anonymous_8)","decl":{"start":{"line":36,"column":87},"end":{"line":36,"column":88}},"loc":{"start":{"line":36,"column":93},"end":{"line":36,"column":113}},"line":36},"9":{"name":"(anonymous_9)","decl":{"start":{"line":36,"column":124},"end":{"line":36,"column":125}},"loc":{"start":{"line":36,"column":130},"end":{"line":36,"column":169}},"line":36}},"branchMap":{"0":{"loc":{"start":{"line":27,"column":4},"end":{"line":40,"column":6}},"type":"if","locations":[{"start":{"line":27,"column":4},"end":{"line":40,"column":6}},{"start":{"line":27,"column":4},"end":{"line":40,"column":6}}],"line":27}},"s":{"0":3,"1":3,"2":1,"3":1,"4":5,"5":1,"6":0,"7":0,"8":0,"9":4,"10":0,"11":0,"12":0},"f":{"0":3,"1":1,"2":1,"3":5,"4":0,"5":0,"6":0,"7":0,"8":0,"9":0},"b":{"0":[1,4]},"_coverageSchema":"332fd63041d2c1bcb487cc26dd0d5f7d97098a6c","hash":"0102ab74a85e9817fc6dd0533917272adb39946a"}
,"/Users/dylanqian/Desktop/hackReactor/frontEndCapstone/hrsf93-welp-proxy/welp/welp-photo-gallery/client/src/components/PhotoGallery.jsx": {"path":"/Users/dylanqian/Desktop/hackReactor/frontEndCapstone/hrsf93-welp-proxy/welp/welp-photo-gallery/client/src/components/PhotoGallery.jsx","statementMap":{"0":{"start":{"line":6,"column":20},"end":{"line":6,"column":43}},"1":{"start":{"line":10,"column":4},"end":{"line":10,"column":17}},"2":{"start":{"line":11,"column":4},"end":{"line":19,"column":6}},"3":{"start":{"line":20,"column":4},"end":{"line":20,"column":49}},"4":{"start":{"line":21,"column":4},"end":{"line":21,"column":51}},"5":{"start":{"line":22,"column":4},"end":{"line":22,"column":55}},"6":{"start":{"line":23,"column":4},"end":{"line":23,"column":47}},"7":{"start":{"line":24,"column":4},"end":{"line":24,"column":49}},"8":{"start":{"line":25,"column":4},"end":{"line":25,"column":57}},"9":{"start":{"line":26,"column":4},"end":{"line":26,"column":57}},"10":{"start":{"line":30,"column":19},"end":{"line":30,"column":53}},"11":{"start":{"line":31,"column":4},"end":{"line":31,"column":38}},"12":{"start":{"line":35,"column":4},"end":{"line":55,"column":6}},"13":{"start":{"line":41,"column":33},"end":{"line":41,"column":35}},"14":{"start":{"line":42,"column":8},"end":{"line":44,"column":9}},"15":{"start":{"line":43,"column":10},"end":{"line":43,"column":44}},"16":{"start":{"line":45,"column":33},"end":{"line":45,"column":61}},"17":{"start":{"line":46,"column":8},"end":{"line":50,"column":11}},"18":{"start":{"line":53,"column":8},"end":{"line":53,"column":40}},"19":{"start":{"line":59,"column":18},"end":{"line":59,"column":50}},"20":{"start":{"line":60,"column":4},"end":{"line":64,"column":7}},"21":{"start":{"line":68,"column":4},"end":{"line":71,"column":7}},"22":{"start":{"line":77,"column":4},"end":{"line":81,"column":5}},"23":{"start":{"line":78,"column":6},"end":{"line":78,"column":68}},"24":{"start":{"line":80,"column":6},"end":{"line":80,"column":65}},"25":{"start":{"line":82,"column":24},"end":{"line":82,"column":49}},"26":{"start":{"line":83,"column":4},"end":{"line":85,"column":5}},"27":{"start":{"line":84,"column":6},"end":{"line":84,"column":55}},"28":{"start":{"line":86,"column":4},"end":{"line":89,"column":7}},"29":{"start":{"line":94,"column":4},"end":{"line":98,"column":5}},"30":{"start":{"line":95,"column":6},"end":{"line":95,"column":37}},"31":{"start":{"line":97,"column":6},"end":{"line":97,"column":61}},"32":{"start":{"line":99,"column":24},"end":{"line":99,"column":49}},"33":{"start":{"line":100,"column":4},"end":{"line":102,"column":5}},"34":{"start":{"line":101,"column":6},"end":{"line":101,"column":24}},"35":{"start":{"line":103,"column":4},"end":{"line":106,"column":7}},"36":{"start":{"line":110,"column":4},"end":{"line":116,"column":5}},"37":{"start":{"line":111,"column":24},"end":{"line":111,"column":95}},"38":{"start":{"line":112,"column":6},"end":{"line":115,"column":9}},"39":{"start":{"line":120,"column":4},"end":{"line":126,"column":5}},"40":{"start":{"line":121,"column":28},"end":{"line":121,"column":99}},"41":{"start":{"line":122,"column":6},"end":{"line":125,"column":9}},"42":{"start":{"line":130,"column":4},"end":{"line":136,"column":5}},"43":{"start":{"line":131,"column":6},"end":{"line":131,"column":25}},"44":{"start":{"line":132,"column":11},"end":{"line":136,"column":5}},"45":{"start":{"line":133,"column":6},"end":{"line":133,"column":27}},"46":{"start":{"line":134,"column":11},"end":{"line":136,"column":5}},"47":{"start":{"line":135,"column":6},"end":{"line":135,"column":23}},"48":{"start":{"line":140,"column":4},"end":{"line":177,"column":6}},"49":{"start":{"line":144,"column":61},"end":{"line":144,"column":82}},"50":{"start":{"line":146,"column":53},"end":{"line":146,"column":214}},"51":{"start":{"line":148,"column":61},"end":{"line":148,"column":78}}},"fnMap":{"0":{"name":"(anonymous_0)","decl":{"start":{"line":9,"column":2},"end":{"line":9,"column":3}},"loc":{"start":{"line":9,"column":21},"end":{"line":27,"column":3}},"line":9},"1":{"name":"(anonymous_1)","decl":{"start":{"line":29,"column":2},"end":{"line":29,"column":3}},"loc":{"start":{"line":29,"column":22},"end":{"line":32,"column":3}},"line":29},"2":{"name":"(anonymous_2)","decl":{"start":{"line":34,"column":2},"end":{"line":34,"column":3}},"loc":{"start":{"line":34,"column":16},"end":{"line":56,"column":3}},"line":34},"3":{"name":"(anonymous_3)","decl":{"start":{"line":40,"column":15},"end":{"line":40,"column":16}},"loc":{"start":{"line":40,"column":28},"end":{"line":51,"column":7}},"line":40},"4":{"name":"(anonymous_4)","decl":{"start":{"line":52,"column":13},"end":{"line":52,"column":14}},"loc":{"start":{"line":52,"column":24},"end":{"line":54,"column":7}},"line":52},"5":{"name":"(anonymous_5)","decl":{"start":{"line":58,"column":2},"end":{"line":58,"column":3}},"loc":{"start":{"line":58,"column":20},"end":{"line":65,"column":3}},"line":58},"6":{"name":"(anonymous_6)","decl":{"start":{"line":67,"column":2},"end":{"line":67,"column":3}},"loc":{"start":{"line":67,"column":16},"end":{"line":72,"column":3}},"line":67},"7":{"name":"(anonymous_7)","decl":{"start":{"line":75,"column":2},"end":{"line":75,"column":3}},"loc":{"start":{"line":75,"column":18},"end":{"line":90,"column":3}},"line":75},"8":{"name":"(anonymous_8)","decl":{"start":{"line":92,"column":2},"end":{"line":92,"column":3}},"loc":{"start":{"line":92,"column":14},"end":{"line":107,"column":3}},"line":92},"9":{"name":"(anonymous_9)","decl":{"start":{"line":109,"column":2},"end":{"line":109,"column":3}},"loc":{"start":{"line":109,"column":15},"end":{"line":117,"column":3}},"line":109},"10":{"name":"(anonymous_10)","decl":{"start":{"line":119,"column":2},"end":{"line":119,"column":3}},"loc":{"start":{"line":119,"column":19},"end":{"line":127,"column":3}},"line":119},"11":{"name":"(anonymous_11)","decl":{"start":{"line":129,"column":2},"end":{"line":129,"column":3}},"loc":{"start":{"line":129,"column":24},"end":{"line":137,"column":3}},"line":129},"12":{"name":"(anonymous_12)","decl":{"start":{"line":139,"column":2},"end":{"line":139,"column":3}},"loc":{"start":{"line":139,"column":11},"end":{"line":178,"column":3}},"line":139},"13":{"name":"(anonymous_13)","decl":{"start":{"line":144,"column":55},"end":{"line":144,"column":56}},"loc":{"start":{"line":144,"column":61},"end":{"line":144,"column":82}},"line":144},"14":{"name":"(anonymous_14)","decl":{"start":{"line":146,"column":42},"end":{"line":146,"column":43}},"loc":{"start":{"line":146,"column":53},"end":{"line":146,"column":214}},"line":146},"15":{"name":"(anonymous_15)","decl":{"start":{"line":148,"column":55},"end":{"line":148,"column":56}},"loc":{"start":{"line":148,"column":61},"end":{"line":148,"column":78}},"line":148}},"branchMap":{"0":{"loc":{"start":{"line":77,"column":4},"end":{"line":81,"column":5}},"type":"if","locations":[{"start":{"line":77,"column":4},"end":{"line":81,"column":5}},{"start":{"line":77,"column":4},"end":{"line":81,"column":5}}],"line":77},"1":{"loc":{"start":{"line":83,"column":4},"end":{"line":85,"column":5}},"type":"if","locations":[{"start":{"line":83,"column":4},"end":{"line":85,"column":5}},{"start":{"line":83,"column":4},"end":{"line":85,"column":5}}],"line":83},"2":{"loc":{"start":{"line":94,"column":4},"end":{"line":98,"column":5}},"type":"if","locations":[{"start":{"line":94,"column":4},"end":{"line":98,"column":5}},{"start":{"line":94,"column":4},"end":{"line":98,"column":5}}],"line":94},"3":{"loc":{"start":{"line":100,"column":4},"end":{"line":102,"column":5}},"type":"if","locations":[{"start":{"line":100,"column":4},"end":{"line":102,"column":5}},{"start":{"line":100,"column":4},"end":{"line":102,"column":5}}],"line":100},"4":{"loc":{"start":{"line":110,"column":4},"end":{"line":116,"column":5}},"type":"if","locations":[{"start":{"line":110,"column":4},"end":{"line":116,"column":5}},{"start":{"line":110,"column":4},"end":{"line":116,"column":5}}],"line":110},"5":{"loc":{"start":{"line":120,"column":4},"end":{"line":126,"column":5}},"type":"if","locations":[{"start":{"line":120,"column":4},"end":{"line":126,"column":5}},{"start":{"line":120,"column":4},"end":{"line":126,"column":5}}],"line":120},"6":{"loc":{"start":{"line":130,"column":4},"end":{"line":136,"column":5}},"type":"if","locations":[{"start":{"line":130,"column":4},"end":{"line":136,"column":5}},{"start":{"line":130,"column":4},"end":{"line":136,"column":5}}],"line":130},"7":{"loc":{"start":{"line":132,"column":11},"end":{"line":136,"column":5}},"type":"if","locations":[{"start":{"line":132,"column":11},"end":{"line":136,"column":5}},{"start":{"line":132,"column":11},"end":{"line":136,"column":5}}],"line":132},"8":{"loc":{"start":{"line":134,"column":11},"end":{"line":136,"column":5}},"type":"if","locations":[{"start":{"line":134,"column":11},"end":{"line":136,"column":5}},{"start":{"line":134,"column":11},"end":{"line":136,"column":5}}],"line":134},"9":{"loc":{"start":{"line":143,"column":11},"end":{"line":144,"column":89}},"type":"binary-expr","locations":[{"start":{"line":143,"column":11},"end":{"line":143,"column":42}},{"start":{"line":144,"column":12},"end":{"line":144,"column":89}}],"line":143},"10":{"loc":{"start":{"line":147,"column":11},"end":{"line":148,"column":84}},"type":"binary-expr","locations":[{"start":{"line":147,"column":11},"end":{"line":147,"column":44}},{"start":{"line":148,"column":12},"end":{"line":148,"column":84}}],"line":147},"11":{"loc":{"start":{"line":150,"column":11},"end":{"line":153,"column":19}},"type":"binary-expr","locations":[{"start":{"line":150,"column":11},"end":{"line":150,"column":45}},{"start":{"line":151,"column":12},"end":{"line":153,"column":19}}],"line":150},"12":{"loc":{"start":{"line":155,"column":11},"end":{"line":158,"column":19}},"type":"binary-expr","locations":[{"start":{"line":155,"column":11},"end":{"line":155,"column":45}},{"start":{"line":156,"column":12},"end":{"line":158,"column":19}}],"line":155},"13":{"loc":{"start":{"line":160,"column":11},"end":{"line":163,"column":19}},"type":"binary-expr","locations":[{"start":{"line":160,"column":11},"end":{"line":160,"column":45}},{"start":{"line":161,"column":12},"end":{"line":163,"column":19}}],"line":160},"14":{"loc":{"start":{"line":165,"column":11},"end":{"line":174,"column":11}},"type":"binary-expr","locations":[{"start":{"line":165,"column":11},"end":{"line":165,"column":31}},{"start":{"line":166,"column":12},"end":{"line":173,"column":14}}],"line":165}},"s":{"0":1,"1":3,"2":3,"3":3,"4":3,"5":3,"6":3,"7":3,"8":3,"9":3,"10":3,"11":3,"12":3,"13":0,"14":0,"15":0,"16":0,"17":0,"18":0,"19":1,"20":1,"21":1,"22":0,"23":0,"24":0,"25":0,"26":0,"27":0,"28":0,"29":0,"30":0,"31":0,"32":0,"33":0,"34":0,"35":0,"36":0,"37":0,"38":0,"39":0,"40":0,"41":0,"42":0,"43":0,"44":0,"45":0,"46":0,"47":0,"48":5,"49":0,"50":0,"51":0},"f":{"0":3,"1":3,"2":3,"3":0,"4":0,"5":1,"6":1,"7":0,"8":0,"9":0,"10":0,"11":0,"12":5,"13":0,"14":0,"15":0},"b":{"0":[0,0],"1":[0,0],"2":[0,0],"3":[0,0],"4":[0,0],"5":[0,0],"6":[0,0],"7":[0,0],"8":[0,0],"9":[5,0],"10":[5,0],"11":[5,5],"12":[5,0],"13":[5,0],"14":[5,1]},"_coverageSchema":"332fd63041d2c1bcb487cc26dd0d5f7d97098a6c","hash":"588357f853acb08eb61f0b57e950d23aa33fc007"}
,"/Users/dylanqian/Desktop/hackReactor/frontEndCapstone/hrsf93-welp-proxy/welp/welp-photo-gallery/test/testSetUp.js": {"path":"/Users/dylanqian/Desktop/hackReactor/frontEndCapstone/hrsf93-welp-proxy/welp/welp-photo-gallery/test/testSetUp.js","statementMap":{"0":{"start":{"line":5,"column":0},"end":{"line":5,"column":38}}},"fnMap":{},"branchMap":{},"s":{"0":2},"f":{},"b":{},"_coverageSchema":"332fd63041d2c1bcb487cc26dd0d5f7d97098a6c","hash":"d4a8f91b8b4491375b5278e81a93d7d01a34161e"}
}
