TN:
SF:/Users/dylanqian/Desktop/hackReactor/frontEndCapstone/hrsf93-welp-proxy/welp/welp-photo-gallery/client/src/components/CommentBox.jsx
FN:6,(anonymous_0)
FNF:1
FNH:1
FNDA:2,(anonymous_0)
DA:7,2
LF:1
LH:1
BRF:0
BRH:0
end_of_record
TN:
SF:/Users/dylanqian/Desktop/hackReactor/frontEndCapstone/hrsf93-welp-proxy/welp/welp-photo-gallery/client/src/components/DescriptionBar.jsx
FN:5,(anonymous_0)
FNF:1
FNH:1
FNDA:1,(anonymous_0)
DA:6,1
LF:1
LH:1
BRF:0
BRH:0
end_of_record
TN:
SF:/Users/dylanqian/Desktop/hackReactor/frontEndCapstone/hrsf93-welp-proxy/welp/welp-photo-gallery/client/src/components/Modal.jsx
FN:5,(anonymous_0)
FN:7,(anonymous_1)
FN:8,(anonymous_2)
FN:9,(anonymous_3)
FN:10,(anonymous_4)
FN:12,(anonymous_5)
FN:17,(anonymous_6)
FN:20,(anonymous_7)
FNF:8
FNH:1
FNDA:1,(anonymous_0)
FNDA:0,(anonymous_1)
FNDA:0,(anonymous_2)
FNDA:0,(anonymous_3)
FNDA:0,(anonymous_4)
FNDA:0,(anonymous_5)
FNDA:0,(anonymous_6)
FNDA:0,(anonymous_7)
DA:6,1
DA:7,0
DA:8,0
DA:9,0
DA:10,0
DA:12,0
DA:17,0
DA:20,0
LF:8
LH:1
BRF:0
BRH:0
end_of_record
TN:
SF:/Users/dylanqian/Desktop/hackReactor/frontEndCapstone/hrsf93-welp-proxy/welp/welp-photo-gallery/client/src/components/Photo.jsx
FN:7,(anonymous_0)
FN:14,(anonymous_1)
FN:20,(anonymous_2)
FN:26,(anonymous_3)
FN:29,(anonymous_4)
FN:29,(anonymous_5)
FN:29,(anonymous_6)
FN:36,(anonymous_7)
FN:36,(anonymous_8)
FN:36,(anonymous_9)
FNF:10
FNH:4
FNDA:3,(anonymous_0)
FNDA:1,(anonymous_1)
FNDA:1,(anonymous_2)
FNDA:5,(anonymous_3)
FNDA:0,(anonymous_4)
FNDA:0,(anonymous_5)
FNDA:0,(anonymous_6)
FNDA:0,(anonymous_7)
FNDA:0,(anonymous_8)
FNDA:0,(anonymous_9)
DA:8,3
DA:9,3
DA:15,1
DA:21,1
DA:27,5
DA:28,1
DA:29,0
DA:35,4
DA:36,0
LF:9
LH:7
BRDA:27,0,0,1
BRDA:27,0,1,4
BRF:2
BRH:2
end_of_record
TN:
SF:/Users/dylanqian/Desktop/hackReactor/frontEndCapstone/hrsf93-welp-proxy/welp/welp-photo-gallery/client/src/components/PhotoGallery.jsx
FN:9,(anonymous_0)
FN:29,(anonymous_1)
FN:34,(anonymous_2)
FN:40,(anonymous_3)
FN:52,(anonymous_4)
FN:58,(anonymous_5)
FN:67,(anonymous_6)
FN:75,(anonymous_7)
FN:92,(anonymous_8)
FN:109,(anonymous_9)
FN:119,(anonymous_10)
FN:129,(anonymous_11)
FN:139,(anonymous_12)
FN:144,(anonymous_13)
FN:146,(anonymous_14)
FN:148,(anonymous_15)
FNF:16
FNH:6
FNDA:3,(anonymous_0)
FNDA:3,(anonymous_1)
FNDA:3,(anonymous_2)
FNDA:0,(anonymous_3)
FNDA:0,(anonymous_4)
FNDA:1,(anonymous_5)
FNDA:1,(anonymous_6)
FNDA:0,(anonymous_7)
FNDA:0,(anonymous_8)
FNDA:0,(anonymous_9)
FNDA:0,(anonymous_10)
FNDA:0,(anonymous_11)
FNDA:5,(anonymous_12)
FNDA:0,(anonymous_13)
FNDA:0,(anonymous_14)
FNDA:0,(anonymous_15)
DA:6,1
DA:10,3
DA:11,3
DA:20,3
DA:21,3
DA:22,3
DA:23,3
DA:24,3
DA:25,3
DA:26,3
DA:30,3
DA:31,3
DA:35,3
DA:41,0
DA:42,0
DA:43,0
DA:45,0
DA:46,0
DA:53,0
DA:59,1
DA:60,1
DA:68,1
DA:77,0
DA:78,0
DA:80,0
DA:82,0
DA:83,0
DA:84,0
DA:86,0
DA:94,0
DA:95,0
DA:97,0
DA:99,0
DA:100,0
DA:101,0
DA:103,0
DA:110,0
DA:111,0
DA:112,0
DA:120,0
DA:121,0
DA:122,0
DA:130,0
DA:131,0
DA:132,0
DA:133,0
DA:134,0
DA:135,0
DA:140,5
DA:144,0
DA:146,0
DA:148,0
LF:52
LH:17
BRDA:77,0,0,0
BRDA:77,0,1,0
BRDA:83,1,0,0
BRDA:83,1,1,0
BRDA:94,2,0,0
BRDA:94,2,1,0
BRDA:100,3,0,0
BRDA:100,3,1,0
BRDA:110,4,0,0
BRDA:110,4,1,0
BRDA:120,5,0,0
BRDA:120,5,1,0
BRDA:130,6,0,0
BRDA:130,6,1,0
BRDA:132,7,0,0
BRDA:132,7,1,0
BRDA:134,8,0,0
BRDA:134,8,1,0
BRDA:143,9,0,5
BRDA:143,9,1,0
BRDA:147,10,0,5
BRDA:147,10,1,0
BRDA:150,11,0,5
BRDA:150,11,1,5
BRDA:155,12,0,5
BRDA:155,12,1,0
BRDA:160,13,0,5
BRDA:160,13,1,0
BRDA:165,14,0,5
BRDA:165,14,1,1
BRF:30
BRH:8
end_of_record
TN:
SF:/Users/dylanqian/Desktop/hackReactor/frontEndCapstone/hrsf93-welp-proxy/welp/welp-photo-gallery/test/testSetUp.js
FNF:0
FNH:0
DA:5,2
LF:1
LH:1
BRF:0
BRH:0
end_of_record
