TN:
SF:/Users/dylanqian/Desktop/hackReactor/frontEndCapstone/hrsf93-welp-proxy/welp/welp-photo-gallery/database/index.js
FN:40,(anonymous_0)
FN:41,(anonymous_1)
FN:47,(anonymous_2)
FN:52,(anonymous_3)
FNF:4
FNH:1
FNDA:3,(anonymous_0)
FNDA:0,(anonymous_1)
FNDA:0,(anonymous_2)
FNDA:0,(anonymous_3)
DA:19,1
DA:20,1
DA:25,1
DA:27,1
DA:38,1
DA:40,1
DA:41,3
DA:42,0
DA:43,0
DA:44,0
DA:45,0
DA:47,0
DA:48,0
DA:50,0
DA:52,0
DA:53,0
LF:16
LH:7
BRDA:42,0,0,0
BRDA:42,0,1,0
BRDA:44,1,0,0
BRDA:44,1,1,0
BRDA:48,2,0,0
BRDA:48,2,1,0
BRF:6
BRH:0
end_of_record
